<?xml version="1.0" encoding="UTF-8"?>
<!-- Generated by org.testng.reporters.JUnitReportReporter -->
<testsuite skipped="0" hostname="MPULIPAT-F14928" name="runner.TestRunner_TestNG" tests="1" failures="0" timestamp="2020-08-12T12:29:13 EDT" time="32.966" errors="0">
  <testcase name="feature" time="32.966" classname="runner.TestRunner_TestNG"/>
  <system-out>
<div class="row">Set Wps . portlets . userid = manoj0110</div> <div class="row">Set Password = Password1!</div> <div class="row">setting value Ownership or Investment Interest</div> <div class="row">setting value TRIPLE R SADDLE CLUB</div> <div class="row">setting value 2019</div> <div class="row">setting value New Submission</div>  </system-out>
</testsuite> <!-- runner.TestRunner_TestNG -->
